{"name": "test_add", "status": "failed", "statusDetails": {"message": "AssertionError: assert (2 + 2) == 0", "trace": "def test_add():\n>       assert 2 + 2 == 0\nE       assert (2 + 2) == 0\n\ntest_lab140.py:4: AssertionError"}, "start": 1711385899378, "stop": 1711385899379, "uuid": "8c18fc11-9762-4ce7-aae3-490fc6f4f35b", "historyId": "132864993dca671fca1bf1d1565c3a5e", "testCaseId": "132864993dca671fca1bf1d1565c3a5e", "fullName": "test_lab140#test_add", "labels": [{"name": "suite", "value": "test_lab140"}, {"name": "host", "value": "Aravinds-Mac-mini.local"}, {"name": "thread", "value": "1594-MainThread"}, {"name": "framework", "value": "pytest"}, {"name": "language", "value": "cpython3"}, {"name": "package", "value": "test_lab140"}]}